{"C:\\Users\\hetsa\\OneDrive\\Desktop\\Het\\Projects\\task-management-app\\backend\\app.js": {"path":"C:\\Users\\hetsa\\OneDrive\\Desktop\\Het\\Projects\\task-management-app\\backend\\app.js","statementMap":{"0":{"start":{"line":1,"column":16},"end":{"line":1,"column":34}},"1":{"start":{"line":2,"column":13},"end":{"line":2,"column":28}},"2":{"start":{"line":3,"column":13},"end":{"line":3,"column":28}},"3":{"start":{"line":5,"column":19},"end":{"line":5,"column":49}},"4":{"start":{"line":6,"column":19},"end":{"line":6,"column":49}},"5":{"start":{"line":7,"column":19},"end":{"line":7,"column":49}},"6":{"start":{"line":8,"column":21},"end":{"line":8,"column":53}},"7":{"start":{"line":10,"column":12},"end":{"line":10,"column":21}},"8":{"start":{"line":13,"column":0},"end":{"line":13,"column":24}},"9":{"start":{"line":14,"column":0},"end":{"line":20,"column":2}},"10":{"start":{"line":23,"column":0},"end":{"line":23,"column":33}},"11":{"start":{"line":24,"column":0},"end":{"line":24,"column":33}},"12":{"start":{"line":25,"column":0},"end":{"line":25,"column":33}},"13":{"start":{"line":26,"column":0},"end":{"line":26,"column":37}},"14":{"start":{"line":28,"column":0},"end":{"line":41,"column":3}},"15":{"start":{"line":29,"column":19},"end":{"line":29,"column":53}},"16":{"start":{"line":31,"column":2},"end":{"line":40,"column":5}},"17":{"start":{"line":32,"column":4},"end":{"line":39,"column":5}},"18":{"start":{"line":33,"column":6},"end":{"line":33,"column":50}},"19":{"start":{"line":36,"column":6},"end":{"line":38,"column":7}},"20":{"start":{"line":37,"column":8},"end":{"line":37,"column":74}},"21":{"start":{"line":43,"column":0},"end":{"line":43,"column":21}}},"fnMap":{"0":{"name":"(anonymous_0)","decl":{"start":{"line":28,"column":13},"end":{"line":28,"column":14}},"loc":{"start":{"line":28,"column":27},"end":{"line":41,"column":1}},"line":28},"1":{"name":"(anonymous_1)","decl":{"start":{"line":31,"column":25},"end":{"line":31,"column":26}},"loc":{"start":{"line":31,"column":36},"end":{"line":40,"column":3}},"line":31}},"branchMap":{"0":{"loc":{"start":{"line":16,"column":12},"end":{"line":16,"column":41}},"type":"binary-expr","locations":[{"start":{"line":16,"column":12},"end":{"line":16,"column":34}},{"start":{"line":16,"column":38},"end":{"line":16,"column":41}}],"line":16},"1":{"loc":{"start":{"line":32,"column":4},"end":{"line":39,"column":5}},"type":"if","locations":[{"start":{"line":32,"column":4},"end":{"line":39,"column":5}},{"start":{},"end":{}}],"line":32},"2":{"loc":{"start":{"line":36,"column":6},"end":{"line":38,"column":7}},"type":"if","locations":[{"start":{"line":36,"column":6},"end":{"line":38,"column":7}},{"start":{},"end":{}}],"line":36},"3":{"loc":{"start":{"line":37,"column":19},"end":{"line":37,"column":42}},"type":"binary-expr","locations":[{"start":{"line":37,"column":19},"end":{"line":37,"column":35}},{"start":{"line":37,"column":39},"end":{"line":37,"column":42}}],"line":37}},"s":{"0":3,"1":3,"2":3,"3":3,"4":3,"5":3,"6":3,"7":3,"8":3,"9":3,"10":3,"11":3,"12":3,"13":3,"14":3,"15":0,"16":0,"17":0,"18":0,"19":0,"20":0,"21":3},"f":{"0":0,"1":0},"b":{"0":[3,3],"1":[0,0],"2":[0,0],"3":[0,0]},"_coverageSchema":"1a1c01bbd47fc00a2c39e90264f33305004495a9","hash":"a4cc227958adeaaef6990b94603c876d0ee022e8"}
,"C:\\Users\\hetsa\\OneDrive\\Desktop\\Het\\Projects\\task-management-app\\backend\\config\\cloudinary.js": {"path":"C:\\Users\\hetsa\\OneDrive\\Desktop\\Het\\Projects\\task-management-app\\backend\\config\\cloudinary.js","statementMap":{"0":{"start":{"line":1,"column":19},"end":{"line":1,"column":43}},"1":{"start":{"line":3,"column":0},"end":{"line":7,"column":3}},"2":{"start":{"line":9,"column":0},"end":{"line":9,"column":28}}},"fnMap":{},"branchMap":{},"s":{"0":1,"1":1,"2":1},"f":{},"b":{},"_coverageSchema":"1a1c01bbd47fc00a2c39e90264f33305004495a9","hash":"6e92cd67c88e708d415eeaf82afe358b3edaf208"}
,"C:\\Users\\hetsa\\OneDrive\\Desktop\\Het\\Projects\\task-management-app\\backend\\controller\\authController.js": {"path":"C:\\Users\\hetsa\\OneDrive\\Desktop\\Het\\Projects\\task-management-app\\backend\\controller\\authController.js","statementMap":{"0":{"start":{"line":1,"column":12},"end":{"line":1,"column":35}},"1":{"start":{"line":2,"column":15},"end":{"line":2,"column":34}},"2":{"start":{"line":3,"column":13},"end":{"line":3,"column":37}},"3":{"start":{"line":4,"column":13},"end":{"line":4,"column":37}},"4":{"start":{"line":5,"column":19},"end":{"line":5,"column":50}},"5":{"start":{"line":7,"column":22},"end":{"line":11,"column":1}},"6":{"start":{"line":8,"column":2},"end":{"line":10,"column":5}},"7":{"start":{"line":13,"column":19},"end":{"line":56,"column":1}},"8":{"start":{"line":14,"column":2},"end":{"line":55,"column":3}},"9":{"start":{"line":16,"column":6},"end":{"line":16,"column":14}},"10":{"start":{"line":18,"column":28},"end":{"line":18,"column":57}},"11":{"start":{"line":20,"column":4},"end":{"line":22,"column":5}},"12":{"start":{"line":21,"column":6},"end":{"line":21,"column":70}},"13":{"start":{"line":24,"column":15},"end":{"line":24,"column":21}},"14":{"start":{"line":25,"column":4},"end":{"line":30,"column":5}},"15":{"start":{"line":29,"column":6},"end":{"line":29,"column":21}},"16":{"start":{"line":32,"column":17},"end":{"line":32,"column":41}},"17":{"start":{"line":33,"column":27},"end":{"line":33,"column":60}},"18":{"start":{"line":35,"column":17},"end":{"line":41,"column":6}},"19":{"start":{"line":43,"column":4},"end":{"line":50,"column":7}},"20":{"start":{"line":52,"column":4},"end":{"line":54,"column":63}},"21":{"start":{"line":58,"column":19},"end":{"line":94,"column":1}},"22":{"start":{"line":59,"column":2},"end":{"line":93,"column":3}},"23":{"start":{"line":60,"column":32},"end":{"line":60,"column":40}},"24":{"start":{"line":62,"column":4},"end":{"line":66,"column":5}},"25":{"start":{"line":63,"column":6},"end":{"line":65,"column":62}},"26":{"start":{"line":68,"column":17},"end":{"line":68,"column":46}},"27":{"start":{"line":70,"column":4},"end":{"line":72,"column":5}},"28":{"start":{"line":71,"column":6},"end":{"line":71,"column":70}},"29":{"start":{"line":75,"column":20},"end":{"line":75,"column":65}},"30":{"start":{"line":77,"column":4},"end":{"line":79,"column":5}},"31":{"start":{"line":78,"column":6},"end":{"line":78,"column":70}},"32":{"start":{"line":81,"column":4},"end":{"line":88,"column":7}},"33":{"start":{"line":90,"column":4},"end":{"line":92,"column":63}},"34":{"start":{"line":96,"column":23},"end":{"line":110,"column":1}},"35":{"start":{"line":97,"column":2},"end":{"line":109,"column":3}},"36":{"start":{"line":98,"column":17},"end":{"line":98,"column":70}},"37":{"start":{"line":100,"column":4},"end":{"line":102,"column":5}},"38":{"start":{"line":101,"column":6},"end":{"line":101,"column":65}},"39":{"start":{"line":104,"column":4},"end":{"line":104,"column":38}},"40":{"start":{"line":106,"column":4},"end":{"line":108,"column":63}},"41":{"start":{"line":112,"column":26},"end":{"line":162,"column":1}},"42":{"start":{"line":113,"column":2},"end":{"line":161,"column":3}},"43":{"start":{"line":114,"column":17},"end":{"line":114,"column":50}},"44":{"start":{"line":116,"column":4},"end":{"line":118,"column":5}},"45":{"start":{"line":117,"column":6},"end":{"line":117,"column":65}},"46":{"start":{"line":120,"column":4},"end":{"line":120,"column":43}},"47":{"start":{"line":121,"column":4},"end":{"line":121,"column":76}},"48":{"start":{"line":123,"column":4},"end":{"line":131,"column":5}},"49":{"start":{"line":124,"column":30},"end":{"line":124,"column":75}},"50":{"start":{"line":126,"column":6},"end":{"line":130,"column":7}},"51":{"start":{"line":127,"column":8},"end":{"line":127,"column":72}},"52":{"start":{"line":129,"column":8},"end":{"line":129,"column":36}},"53":{"start":{"line":133,"column":4},"end":{"line":136,"column":5}},"54":{"start":{"line":134,"column":19},"end":{"line":134,"column":43}},"55":{"start":{"line":135,"column":6},"end":{"line":135,"column":65}},"56":{"start":{"line":138,"column":4},"end":{"line":144,"column":5}},"57":{"start":{"line":143,"column":6},"end":{"line":143,"column":26}},"58":{"start":{"line":146,"column":24},"end":{"line":146,"column":41}},"59":{"start":{"line":148,"column":4},"end":{"line":156,"column":7}},"60":{"start":{"line":158,"column":4},"end":{"line":160,"column":63}},"61":{"start":{"line":164,"column":26},"end":{"line":200,"column":1}},"62":{"start":{"line":165,"column":2},"end":{"line":199,"column":3}},"63":{"start":{"line":166,"column":17},"end":{"line":166,"column":70}},"64":{"start":{"line":168,"column":4},"end":{"line":170,"column":5}},"65":{"start":{"line":169,"column":6},"end":{"line":169,"column":65}},"66":{"start":{"line":172,"column":4},"end":{"line":179,"column":5}},"67":{"start":{"line":173,"column":6},"end":{"line":173,"column":57}},"68":{"start":{"line":175,"column":6},"end":{"line":178,"column":8}},"69":{"start":{"line":181,"column":4},"end":{"line":190,"column":5}},"70":{"start":{"line":182,"column":20},"end":{"line":182,"column":51}},"71":{"start":{"line":183,"column":20},"end":{"line":183,"column":43}},"72":{"start":{"line":184,"column":24},"end":{"line":184,"column":43}},"73":{"start":{"line":186,"column":6},"end":{"line":189,"column":9}},"74":{"start":{"line":192,"column":4},"end":{"line":192,"column":47}},"75":{"start":{"line":194,"column":4},"end":{"line":194,"column":74}},"76":{"start":{"line":196,"column":4},"end":{"line":198,"column":63}},"77":{"start":{"line":202,"column":0},"end":{"line":208,"column":2}}},"fnMap":{"0":{"name":"(anonymous_0)","decl":{"start":{"line":7,"column":22},"end":{"line":7,"column":23}},"loc":{"start":{"line":7,"column":44},"end":{"line":11,"column":1}},"line":7},"1":{"name":"(anonymous_1)","decl":{"start":{"line":13,"column":19},"end":{"line":13,"column":20}},"loc":{"start":{"line":13,"column":39},"end":{"line":56,"column":1}},"line":13},"2":{"name":"(anonymous_2)","decl":{"start":{"line":58,"column":19},"end":{"line":58,"column":20}},"loc":{"start":{"line":58,"column":39},"end":{"line":94,"column":1}},"line":58},"3":{"name":"(anonymous_3)","decl":{"start":{"line":96,"column":23},"end":{"line":96,"column":24}},"loc":{"start":{"line":96,"column":43},"end":{"line":110,"column":1}},"line":96},"4":{"name":"(anonymous_4)","decl":{"start":{"line":112,"column":26},"end":{"line":112,"column":27}},"loc":{"start":{"line":112,"column":46},"end":{"line":162,"column":1}},"line":112},"5":{"name":"(anonymous_5)","decl":{"start":{"line":164,"column":26},"end":{"line":164,"column":27}},"loc":{"start":{"line":164,"column":46},"end":{"line":200,"column":1}},"line":164}},"branchMap":{"0":{"loc":{"start":{"line":20,"column":4},"end":{"line":22,"column":5}},"type":"if","locations":[{"start":{"line":20,"column":4},"end":{"line":22,"column":5}},{"start":{},"end":{}}],"line":20},"1":{"loc":{"start":{"line":25,"column":4},"end":{"line":30,"column":5}},"type":"if","locations":[{"start":{"line":25,"column":4},"end":{"line":30,"column":5}},{"start":{},"end":{}}],"line":25},"2":{"loc":{"start":{"line":26,"column":6},"end":{"line":27,"column":57}},"type":"binary-expr","locations":[{"start":{"line":26,"column":6},"end":{"line":26,"column":22}},{"start":{"line":27,"column":6},"end":{"line":27,"column":57}}],"line":26},"3":{"loc":{"start":{"line":62,"column":4},"end":{"line":66,"column":5}},"type":"if","locations":[{"start":{"line":62,"column":4},"end":{"line":66,"column":5}},{"start":{},"end":{}}],"line":62},"4":{"loc":{"start":{"line":62,"column":8},"end":{"line":62,"column":27}},"type":"binary-expr","locations":[{"start":{"line":62,"column":8},"end":{"line":62,"column":14}},{"start":{"line":62,"column":18},"end":{"line":62,"column":27}}],"line":62},"5":{"loc":{"start":{"line":70,"column":4},"end":{"line":72,"column":5}},"type":"if","locations":[{"start":{"line":70,"column":4},"end":{"line":72,"column":5}},{"start":{},"end":{}}],"line":70},"6":{"loc":{"start":{"line":77,"column":4},"end":{"line":79,"column":5}},"type":"if","locations":[{"start":{"line":77,"column":4},"end":{"line":79,"column":5}},{"start":{},"end":{}}],"line":77},"7":{"loc":{"start":{"line":100,"column":4},"end":{"line":102,"column":5}},"type":"if","locations":[{"start":{"line":100,"column":4},"end":{"line":102,"column":5}},{"start":{},"end":{}}],"line":100},"8":{"loc":{"start":{"line":116,"column":4},"end":{"line":118,"column":5}},"type":"if","locations":[{"start":{"line":116,"column":4},"end":{"line":118,"column":5}},{"start":{},"end":{}}],"line":116},"9":{"loc":{"start":{"line":120,"column":16},"end":{"line":120,"column":42}},"type":"binary-expr","locations":[{"start":{"line":120,"column":16},"end":{"line":120,"column":29}},{"start":{"line":120,"column":33},"end":{"line":120,"column":42}}],"line":120},"10":{"loc":{"start":{"line":121,"column":27},"end":{"line":121,"column":75}},"type":"binary-expr","locations":[{"start":{"line":121,"column":27},"end":{"line":121,"column":51}},{"start":{"line":121,"column":55},"end":{"line":121,"column":75}}],"line":121},"11":{"loc":{"start":{"line":123,"column":4},"end":{"line":131,"column":5}},"type":"if","locations":[{"start":{"line":123,"column":4},"end":{"line":131,"column":5}},{"start":{},"end":{}}],"line":123},"12":{"loc":{"start":{"line":123,"column":8},"end":{"line":123,"column":55}},"type":"binary-expr","locations":[{"start":{"line":123,"column":8},"end":{"line":123,"column":22}},{"start":{"line":123,"column":26},"end":{"line":123,"column":55}}],"line":123},"13":{"loc":{"start":{"line":126,"column":6},"end":{"line":130,"column":7}},"type":"if","locations":[{"start":{"line":126,"column":6},"end":{"line":130,"column":7}},{"start":{"line":128,"column":13},"end":{"line":130,"column":7}}],"line":126},"14":{"loc":{"start":{"line":133,"column":4},"end":{"line":136,"column":5}},"type":"if","locations":[{"start":{"line":133,"column":4},"end":{"line":136,"column":5}},{"start":{},"end":{}}],"line":133},"15":{"loc":{"start":{"line":138,"column":4},"end":{"line":144,"column":5}},"type":"if","locations":[{"start":{"line":138,"column":4},"end":{"line":144,"column":5}},{"start":{},"end":{}}],"line":138},"16":{"loc":{"start":{"line":139,"column":6},"end":{"line":141,"column":26}},"type":"binary-expr","locations":[{"start":{"line":139,"column":6},"end":{"line":139,"column":31}},{"start":{"line":140,"column":6},"end":{"line":140,"column":66}},{"start":{"line":141,"column":6},"end":{"line":141,"column":26}}],"line":139},"17":{"loc":{"start":{"line":168,"column":4},"end":{"line":170,"column":5}},"type":"if","locations":[{"start":{"line":168,"column":4},"end":{"line":170,"column":5}},{"start":{},"end":{}}],"line":168},"18":{"loc":{"start":{"line":172,"column":4},"end":{"line":179,"column":5}},"type":"if","locations":[{"start":{"line":172,"column":4},"end":{"line":179,"column":5}},{"start":{"line":174,"column":11},"end":{"line":179,"column":5}}],"line":172},"19":{"loc":{"start":{"line":181,"column":4},"end":{"line":190,"column":5}},"type":"if","locations":[{"start":{"line":181,"column":4},"end":{"line":190,"column":5}},{"start":{},"end":{}}],"line":181}},"s":{"0":3,"1":3,"2":3,"3":3,"4":3,"5":3,"6":11,"7":3,"8":5,"9":5,"10":5,"11":5,"12":1,"13":4,"14":4,"15":1,"16":4,"17":4,"18":4,"19":3,"20":1,"21":3,"22":7,"23":7,"24":7,"25":3,"26":4,"27":3,"28":1,"29":2,"30":2,"31":1,"32":1,"33":1,"34":3,"35":3,"36":3,"37":2,"38":1,"39":1,"40":1,"41":3,"42":10,"43":10,"44":10,"45":1,"46":9,"47":9,"48":9,"49":2,"50":2,"51":1,"52":1,"53":8,"54":1,"55":1,"56":8,"57":1,"58":8,"59":7,"60":1,"61":3,"62":7,"63":7,"64":6,"65":1,"66":5,"67":1,"68":4,"69":5,"70":5,"71":5,"72":5,"73":5,"74":4,"75":3,"76":3,"77":3},"f":{"0":11,"1":5,"2":7,"3":3,"4":10,"5":7},"b":{"0":[1,4],"1":[1,3],"2":[4,2],"3":[3,4],"4":[7,5],"5":[1,2],"6":[1,1],"7":[1,1],"8":[1,9],"9":[9,6],"10":[9,7],"11":[2,7],"12":[9,2],"13":[1,1],"14":[1,7],"15":[1,7],"16":[8,1,1],"17":[1,5],"18":[1,4],"19":[5,0]},"_coverageSchema":"1a1c01bbd47fc00a2c39e90264f33305004495a9","hash":"7574fdc581eec749ed029666cdd2d8d98e26d34e"}
,"C:\\Users\\hetsa\\OneDrive\\Desktop\\Het\\Projects\\task-management-app\\backend\\controller\\imageController.js": {"path":"C:\\Users\\hetsa\\OneDrive\\Desktop\\Het\\Projects\\task-management-app\\backend\\controller\\imageController.js","statementMap":{"0":{"start":{"line":1,"column":13},"end":{"line":1,"column":37}},"1":{"start":{"line":2,"column":19},"end":{"line":2,"column":50}},"2":{"start":{"line":4,"column":20},"end":{"line":20,"column":1}},"3":{"start":{"line":5,"column":2},"end":{"line":19,"column":3}},"4":{"start":{"line":6,"column":4},"end":{"line":8,"column":5}},"5":{"start":{"line":7,"column":6},"end":{"line":7,"column":67}},"6":{"start":{"line":10,"column":19},"end":{"line":12,"column":6}},"7":{"start":{"line":14,"column":4},"end":{"line":14,"column":65}},"8":{"start":{"line":16,"column":4},"end":{"line":18,"column":63}},"9":{"start":{"line":22,"column":27},"end":{"line":63,"column":1}},"10":{"start":{"line":23,"column":2},"end":{"line":62,"column":3}},"11":{"start":{"line":24,"column":17},"end":{"line":24,"column":70}},"12":{"start":{"line":26,"column":4},"end":{"line":28,"column":5}},"13":{"start":{"line":27,"column":6},"end":{"line":27,"column":65}},"14":{"start":{"line":30,"column":4},"end":{"line":32,"column":5}},"15":{"start":{"line":31,"column":6},"end":{"line":31,"column":70}},"16":{"start":{"line":34,"column":18},"end":{"line":34,"column":49}},"17":{"start":{"line":35,"column":18},"end":{"line":35,"column":41}},"18":{"start":{"line":36,"column":22},"end":{"line":36,"column":41}},"19":{"start":{"line":38,"column":4},"end":{"line":41,"column":7}},"20":{"start":{"line":43,"column":4},"end":{"line":57,"column":6}},"21":{"start":{"line":49,"column":8},"end":{"line":55,"column":9}},"22":{"start":{"line":50,"column":10},"end":{"line":52,"column":67}},"23":{"start":{"line":54,"column":10},"end":{"line":54,"column":71}},"24":{"start":{"line":59,"column":4},"end":{"line":61,"column":63}},"25":{"start":{"line":65,"column":0},"end":{"line":65,"column":53}}},"fnMap":{"0":{"name":"(anonymous_0)","decl":{"start":{"line":4,"column":20},"end":{"line":4,"column":21}},"loc":{"start":{"line":4,"column":40},"end":{"line":20,"column":1}},"line":4},"1":{"name":"(anonymous_1)","decl":{"start":{"line":22,"column":27},"end":{"line":22,"column":28}},"loc":{"start":{"line":22,"column":47},"end":{"line":63,"column":1}},"line":22},"2":{"name":"(anonymous_2)","decl":{"start":{"line":48,"column":6},"end":{"line":48,"column":7}},"loc":{"start":{"line":48,"column":23},"end":{"line":56,"column":7}},"line":48}},"branchMap":{"0":{"loc":{"start":{"line":6,"column":4},"end":{"line":8,"column":5}},"type":"if","locations":[{"start":{"line":6,"column":4},"end":{"line":8,"column":5}},{"start":{},"end":{}}],"line":6},"1":{"loc":{"start":{"line":26,"column":4},"end":{"line":28,"column":5}},"type":"if","locations":[{"start":{"line":26,"column":4},"end":{"line":28,"column":5}},{"start":{},"end":{}}],"line":26},"2":{"loc":{"start":{"line":30,"column":4},"end":{"line":32,"column":5}},"type":"if","locations":[{"start":{"line":30,"column":4},"end":{"line":32,"column":5}},{"start":{},"end":{}}],"line":30},"3":{"loc":{"start":{"line":49,"column":8},"end":{"line":55,"column":9}},"type":"if","locations":[{"start":{"line":49,"column":8},"end":{"line":55,"column":9}},{"start":{"line":53,"column":15},"end":{"line":55,"column":9}}],"line":49}},"s":{"0":3,"1":3,"2":3,"3":7,"4":7,"5":3,"6":4,"7":2,"8":2,"9":3,"10":5,"11":5,"12":4,"13":1,"14":3,"15":1,"16":2,"17":2,"18":2,"19":2,"20":2,"21":2,"22":1,"23":1,"24":1,"25":3},"f":{"0":7,"1":5,"2":2},"b":{"0":[3,4],"1":[1,3],"2":[1,2],"3":[1,1]},"_coverageSchema":"1a1c01bbd47fc00a2c39e90264f33305004495a9","hash":"cb6f5a426887990796e3098a463802ff61af224c"}
,"C:\\Users\\hetsa\\OneDrive\\Desktop\\Het\\Projects\\task-management-app\\backend\\controller\\userController.js": {"path":"C:\\Users\\hetsa\\OneDrive\\Desktop\\Het\\Projects\\task-management-app\\backend\\controller\\userController.js","statementMap":{"0":{"start":{"line":1,"column":15},"end":{"line":1,"column":34}},"1":{"start":{"line":4,"column":13},"end":{"line":4,"column":37}},"2":{"start":{"line":5,"column":13},"end":{"line":5,"column":37}},"3":{"start":{"line":7,"column":17},"end":{"line":41,"column":1}},"4":{"start":{"line":8,"column":2},"end":{"line":40,"column":3}},"5":{"start":{"line":9,"column":18},"end":{"line":9,"column":71}},"6":{"start":{"line":11,"column":32},"end":{"line":33,"column":5}},"7":{"start":{"line":13,"column":29},"end":{"line":16,"column":10}},"8":{"start":{"line":17,"column":32},"end":{"line":20,"column":10}},"9":{"start":{"line":21,"column":31},"end":{"line":24,"column":10}},"10":{"start":{"line":26,"column":8},"end":{"line":31,"column":10}},"11":{"start":{"line":35,"column":4},"end":{"line":35,"column":53}},"12":{"start":{"line":37,"column":4},"end":{"line":39,"column":63}},"13":{"start":{"line":43,"column":20},"end":{"line":57,"column":1}},"14":{"start":{"line":44,"column":2},"end":{"line":56,"column":3}},"15":{"start":{"line":45,"column":17},"end":{"line":45,"column":71}},"16":{"start":{"line":47,"column":4},"end":{"line":49,"column":5}},"17":{"start":{"line":48,"column":6},"end":{"line":48,"column":65}},"18":{"start":{"line":51,"column":4},"end":{"line":51,"column":38}},"19":{"start":{"line":53,"column":4},"end":{"line":55,"column":63}},"20":{"start":{"line":59,"column":0},"end":{"line":59,"column":43}}},"fnMap":{"0":{"name":"(anonymous_0)","decl":{"start":{"line":7,"column":17},"end":{"line":7,"column":18}},"loc":{"start":{"line":7,"column":37},"end":{"line":41,"column":1}},"line":7},"1":{"name":"(anonymous_1)","decl":{"start":{"line":12,"column":16},"end":{"line":12,"column":17}},"loc":{"start":{"line":12,"column":32},"end":{"line":32,"column":7}},"line":12},"2":{"name":"(anonymous_2)","decl":{"start":{"line":43,"column":20},"end":{"line":43,"column":21}},"loc":{"start":{"line":43,"column":40},"end":{"line":57,"column":1}},"line":43}},"branchMap":{"0":{"loc":{"start":{"line":47,"column":4},"end":{"line":49,"column":5}},"type":"if","locations":[{"start":{"line":47,"column":4},"end":{"line":49,"column":5}},{"start":{},"end":{}}],"line":47}},"s":{"0":3,"1":3,"2":3,"3":3,"4":2,"5":2,"6":1,"7":1,"8":1,"9":1,"10":1,"11":1,"12":1,"13":3,"14":3,"15":3,"16":2,"17":1,"18":1,"19":1,"20":3},"f":{"0":2,"1":1,"2":3},"b":{"0":[1,1]},"_coverageSchema":"1a1c01bbd47fc00a2c39e90264f33305004495a9","hash":"b165dee48f2ab27078d25b8533e76b95839cfdd6"}
,"C:\\Users\\hetsa\\OneDrive\\Desktop\\Het\\Projects\\task-management-app\\backend\\middleware\\auth.js": {"path":"C:\\Users\\hetsa\\OneDrive\\Desktop\\Het\\Projects\\task-management-app\\backend\\middleware\\auth.js","statementMap":{"0":{"start":{"line":1,"column":12},"end":{"line":1,"column":35}},"1":{"start":{"line":3,"column":16},"end":{"line":32,"column":1}},"2":{"start":{"line":4,"column":2},"end":{"line":31,"column":3}},"3":{"start":{"line":5,"column":16},"end":{"line":5,"column":41}},"4":{"start":{"line":7,"column":4},"end":{"line":11,"column":5}},"5":{"start":{"line":8,"column":6},"end":{"line":10,"column":80}},"6":{"start":{"line":13,"column":4},"end":{"line":13,"column":32}},"7":{"start":{"line":15,"column":20},"end":{"line":15,"column":61}},"8":{"start":{"line":17,"column":4},"end":{"line":17,"column":56}},"9":{"start":{"line":18,"column":4},"end":{"line":18,"column":11}},"10":{"start":{"line":20,"column":4},"end":{"line":30,"column":5}},"11":{"start":{"line":21,"column":6},"end":{"line":23,"column":66}},"12":{"start":{"line":24,"column":11},"end":{"line":30,"column":5}},"13":{"start":{"line":25,"column":6},"end":{"line":27,"column":66}},"14":{"start":{"line":29,"column":6},"end":{"line":29,"column":65}},"15":{"start":{"line":34,"column":18},"end":{"line":40,"column":1}},"16":{"start":{"line":35,"column":2},"end":{"line":39,"column":3}},"17":{"start":{"line":36,"column":4},"end":{"line":36,"column":11}},"18":{"start":{"line":38,"column":4},"end":{"line":38,"column":78}},"19":{"start":{"line":42,"column":0},"end":{"line":42,"column":40}}},"fnMap":{"0":{"name":"(anonymous_0)","decl":{"start":{"line":3,"column":16},"end":{"line":3,"column":17}},"loc":{"start":{"line":3,"column":42},"end":{"line":32,"column":1}},"line":3},"1":{"name":"(anonymous_1)","decl":{"start":{"line":34,"column":18},"end":{"line":34,"column":19}},"loc":{"start":{"line":34,"column":38},"end":{"line":40,"column":1}},"line":34}},"branchMap":{"0":{"loc":{"start":{"line":7,"column":4},"end":{"line":11,"column":5}},"type":"if","locations":[{"start":{"line":7,"column":4},"end":{"line":11,"column":5}},{"start":{},"end":{}}],"line":7},"1":{"loc":{"start":{"line":7,"column":8},"end":{"line":7,"column":46}},"type":"binary-expr","locations":[{"start":{"line":7,"column":8},"end":{"line":7,"column":14}},{"start":{"line":7,"column":18},"end":{"line":7,"column":46}}],"line":7},"2":{"loc":{"start":{"line":20,"column":4},"end":{"line":30,"column":5}},"type":"if","locations":[{"start":{"line":20,"column":4},"end":{"line":30,"column":5}},{"start":{"line":24,"column":11},"end":{"line":30,"column":5}}],"line":20},"3":{"loc":{"start":{"line":24,"column":11},"end":{"line":30,"column":5}},"type":"if","locations":[{"start":{"line":24,"column":11},"end":{"line":30,"column":5}},{"start":{"line":28,"column":11},"end":{"line":30,"column":5}}],"line":24},"4":{"loc":{"start":{"line":35,"column":2},"end":{"line":39,"column":3}},"type":"if","locations":[{"start":{"line":35,"column":2},"end":{"line":39,"column":3}},{"start":{"line":37,"column":9},"end":{"line":39,"column":3}}],"line":35},"5":{"loc":{"start":{"line":35,"column":6},"end":{"line":35,"column":43}},"type":"binary-expr","locations":[{"start":{"line":35,"column":6},"end":{"line":35,"column":14}},{"start":{"line":35,"column":18},"end":{"line":35,"column":43}}],"line":35}},"s":{"0":3,"1":3,"2":45,"3":45,"4":45,"5":4,"6":41,"7":41,"8":30,"9":30,"10":11,"11":4,"12":7,"13":5,"14":2,"15":3,"16":6,"17":5,"18":1,"19":3},"f":{"0":45,"1":6},"b":{"0":[4,41],"1":[45,41],"2":[4,7],"3":[5,2],"4":[5,1],"5":[6,6]},"_coverageSchema":"1a1c01bbd47fc00a2c39e90264f33305004495a9","hash":"48302cd2cfa553424792b19cb2641fc3e80fbd98"}
,"C:\\Users\\hetsa\\OneDrive\\Desktop\\Het\\Projects\\task-management-app\\backend\\middleware\\upload.js": {"path":"C:\\Users\\hetsa\\OneDrive\\Desktop\\Het\\Projects\\task-management-app\\backend\\middleware\\upload.js","statementMap":{"0":{"start":{"line":1,"column":15},"end":{"line":1,"column":32}},"1":{"start":{"line":3,"column":16},"end":{"line":3,"column":38}},"2":{"start":{"line":5,"column":19},"end":{"line":12,"column":1}},"3":{"start":{"line":6,"column":23},"end":{"line":6,"column":63}},"4":{"start":{"line":7,"column":2},"end":{"line":11,"column":3}},"5":{"start":{"line":8,"column":4},"end":{"line":8,"column":19}},"6":{"start":{"line":10,"column":4},"end":{"line":10,"column":20}},"7":{"start":{"line":14,"column":15},"end":{"line":14,"column":46}},"8":{"start":{"line":16,"column":0},"end":{"line":16,"column":24}}},"fnMap":{"0":{"name":"(anonymous_0)","decl":{"start":{"line":5,"column":19},"end":{"line":5,"column":20}},"loc":{"start":{"line":5,"column":38},"end":{"line":12,"column":1}},"line":5}},"branchMap":{"0":{"loc":{"start":{"line":7,"column":2},"end":{"line":11,"column":3}},"type":"if","locations":[{"start":{"line":7,"column":2},"end":{"line":11,"column":3}},{"start":{"line":9,"column":9},"end":{"line":11,"column":3}}],"line":7}},"s":{"0":3,"1":3,"2":3,"3":4,"4":4,"5":3,"6":1,"7":3,"8":3},"f":{"0":4},"b":{"0":[3,1]},"_coverageSchema":"1a1c01bbd47fc00a2c39e90264f33305004495a9","hash":"361003d4ac7e33b29d6b6ee706aff2bd6b7726bf"}
,"C:\\Users\\hetsa\\OneDrive\\Desktop\\Het\\Projects\\task-management-app\\backend\\model\\Task.js": {"path":"C:\\Users\\hetsa\\OneDrive\\Desktop\\Het\\Projects\\task-management-app\\backend\\model\\Task.js","statementMap":{"0":{"start":{"line":1,"column":17},"end":{"line":1,"column":36}},"1":{"start":{"line":3,"column":19},"end":{"line":6,"column":2}},"2":{"start":{"line":8,"column":19},"end":{"line":26,"column":1}},"3":{"start":{"line":28,"column":0},"end":{"line":28,"column":52}}},"fnMap":{},"branchMap":{},"s":{"0":3,"1":3,"2":3,"3":3},"f":{},"b":{},"_coverageSchema":"1a1c01bbd47fc00a2c39e90264f33305004495a9","hash":"880e500ca2125cc7db7be3b9565cea81df588707"}
,"C:\\Users\\hetsa\\OneDrive\\Desktop\\Het\\Projects\\task-management-app\\backend\\model\\User.js": {"path":"C:\\Users\\hetsa\\OneDrive\\Desktop\\Het\\Projects\\task-management-app\\backend\\model\\User.js","statementMap":{"0":{"start":{"line":1,"column":17},"end":{"line":1,"column":36}},"1":{"start":{"line":3,"column":19},"end":{"line":12,"column":1}},"2":{"start":{"line":14,"column":0},"end":{"line":14,"column":52}}},"fnMap":{},"branchMap":{},"s":{"0":3,"1":3,"2":3},"f":{},"b":{},"_coverageSchema":"1a1c01bbd47fc00a2c39e90264f33305004495a9","hash":"38c7ec562a33c8bf6bda319a4c5300b1a0f6dae7"}
,"C:\\Users\\hetsa\\OneDrive\\Desktop\\Het\\Projects\\task-management-app\\backend\\routes\\authRoutes.js": {"path":"C:\\Users\\hetsa\\OneDrive\\Desktop\\Het\\Projects\\task-management-app\\backend\\routes\\authRoutes.js","statementMap":{"0":{"start":{"line":1,"column":16},"end":{"line":1,"column":34}},"1":{"start":{"line":2,"column":15},"end":{"line":2,"column":46}},"2":{"start":{"line":3,"column":20},"end":{"line":3,"column":49}},"3":{"start":{"line":10,"column":4},"end":{"line":10,"column":43}},"4":{"start":{"line":14,"column":4},"end":{"line":14,"column":44}},"5":{"start":{"line":16,"column":15},"end":{"line":16,"column":31}},"6":{"start":{"line":18,"column":0},"end":{"line":18,"column":35}},"7":{"start":{"line":19,"column":0},"end":{"line":19,"column":35}},"8":{"start":{"line":20,"column":0},"end":{"line":20,"column":48}},"9":{"start":{"line":21,"column":0},"end":{"line":21,"column":51}},"10":{"start":{"line":22,"column":0},"end":{"line":22,"column":54}},"11":{"start":{"line":23,"column":0},"end":{"line":23,"column":75}},"12":{"start":{"line":24,"column":0},"end":{"line":29,"column":2}},"13":{"start":{"line":31,"column":0},"end":{"line":31,"column":24}}},"fnMap":{},"branchMap":{},"s":{"0":3,"1":3,"2":3,"3":3,"4":3,"5":3,"6":3,"7":3,"8":3,"9":3,"10":3,"11":3,"12":3,"13":3},"f":{},"b":{},"_coverageSchema":"1a1c01bbd47fc00a2c39e90264f33305004495a9","hash":"071708eaa646e238872ecbd4a393463c9d594d27"}
,"C:\\Users\\hetsa\\OneDrive\\Desktop\\Het\\Projects\\task-management-app\\backend\\routes\\reportRoutes.js": {"path":"C:\\Users\\hetsa\\OneDrive\\Desktop\\Het\\Projects\\task-management-app\\backend\\routes\\reportRoutes.js","statementMap":{"0":{"start":{"line":1,"column":16},"end":{"line":1,"column":34}},"1":{"start":{"line":3,"column":15},"end":{"line":3,"column":31}},"2":{"start":{"line":5,"column":0},"end":{"line":5,"column":24}}},"fnMap":{},"branchMap":{},"s":{"0":3,"1":3,"2":3},"f":{},"b":{},"_coverageSchema":"1a1c01bbd47fc00a2c39e90264f33305004495a9","hash":"2a7da3c101c3e7fd1e0b7652ed062c2df01adfa6"}
,"C:\\Users\\hetsa\\OneDrive\\Desktop\\Het\\Projects\\task-management-app\\backend\\routes\\taskRoutes.js": {"path":"C:\\Users\\hetsa\\OneDrive\\Desktop\\Het\\Projects\\task-management-app\\backend\\routes\\taskRoutes.js","statementMap":{"0":{"start":{"line":1,"column":16},"end":{"line":1,"column":34}},"1":{"start":{"line":3,"column":15},"end":{"line":3,"column":31}},"2":{"start":{"line":5,"column":0},"end":{"line":5,"column":24}}},"fnMap":{},"branchMap":{},"s":{"0":3,"1":3,"2":3},"f":{},"b":{},"_coverageSchema":"1a1c01bbd47fc00a2c39e90264f33305004495a9","hash":"399a523af467b8c5b6b985e6986b8eaafa897805"}
,"C:\\Users\\hetsa\\OneDrive\\Desktop\\Het\\Projects\\task-management-app\\backend\\routes\\userRoutes.js": {"path":"C:\\Users\\hetsa\\OneDrive\\Desktop\\Het\\Projects\\task-management-app\\backend\\routes\\userRoutes.js","statementMap":{"0":{"start":{"line":1,"column":16},"end":{"line":1,"column":34}},"1":{"start":{"line":2,"column":31},"end":{"line":2,"column":60}},"2":{"start":{"line":3,"column":34},"end":{"line":3,"column":73}},"3":{"start":{"line":5,"column":15},"end":{"line":5,"column":31}},"4":{"start":{"line":7,"column":0},"end":{"line":7,"column":46}},"5":{"start":{"line":8,"column":0},"end":{"line":8,"column":52}},"6":{"start":{"line":10,"column":0},"end":{"line":10,"column":24}}},"fnMap":{},"branchMap":{},"s":{"0":3,"1":3,"2":3,"3":3,"4":3,"5":3,"6":3},"f":{},"b":{},"_coverageSchema":"1a1c01bbd47fc00a2c39e90264f33305004495a9","hash":"126900df6b00fa4a0cfd62e28099448a32dcb840"}
}
