TN:
SF:app.js
FN:28,(anonymous_0)
FN:31,(anonymous_1)
FNF:2
FNH:0
FNDA:0,(anonymous_0)
FNDA:0,(anonymous_1)
DA:1,3
DA:2,3
DA:3,3
DA:5,3
DA:6,3
DA:7,3
DA:8,3
DA:10,3
DA:13,3
DA:14,3
DA:23,3
DA:24,3
DA:25,3
DA:26,3
DA:28,3
DA:29,0
DA:31,0
DA:32,0
DA:33,0
DA:36,0
DA:37,0
DA:43,3
LF:22
LH:16
BRDA:16,0,0,3
BRDA:16,0,1,3
BRDA:32,1,0,0
BRDA:32,1,1,0
BRDA:36,2,0,0
BRDA:36,2,1,0
BRDA:37,3,0,0
BRDA:37,3,1,0
BRF:8
BRH:2
end_of_record
TN:
SF:config\cloudinary.js
FNF:0
FNH:0
DA:1,1
DA:3,1
DA:9,1
LF:3
LH:3
BRF:0
BRH:0
end_of_record
TN:
SF:controller\authController.js
FN:7,(anonymous_0)
FN:13,(anonymous_1)
FN:58,(anonymous_2)
FN:96,(anonymous_3)
FN:112,(anonymous_4)
FN:164,(anonymous_5)
FNF:6
FNH:6
FNDA:11,(anonymous_0)
FNDA:5,(anonymous_1)
FNDA:7,(anonymous_2)
FNDA:3,(anonymous_3)
FNDA:10,(anonymous_4)
FNDA:7,(anonymous_5)
DA:1,3
DA:2,3
DA:3,3
DA:4,3
DA:5,3
DA:7,3
DA:8,11
DA:13,3
DA:14,5
DA:16,5
DA:18,5
DA:20,5
DA:21,1
DA:24,4
DA:25,4
DA:29,1
DA:32,4
DA:33,4
DA:35,4
DA:43,3
DA:52,1
DA:58,3
DA:59,7
DA:60,7
DA:62,7
DA:63,3
DA:68,4
DA:70,3
DA:71,1
DA:75,2
DA:77,2
DA:78,1
DA:81,1
DA:90,1
DA:96,3
DA:97,3
DA:98,3
DA:100,2
DA:101,1
DA:104,1
DA:106,1
DA:112,3
DA:113,10
DA:114,10
DA:116,10
DA:117,1
DA:120,9
DA:121,9
DA:123,9
DA:124,2
DA:126,2
DA:127,1
DA:129,1
DA:133,8
DA:134,1
DA:135,1
DA:138,8
DA:143,1
DA:146,8
DA:148,7
DA:158,1
DA:164,3
DA:165,7
DA:166,7
DA:168,6
DA:169,1
DA:172,5
DA:173,1
DA:175,4
DA:181,5
DA:182,5
DA:183,5
DA:184,5
DA:186,5
DA:192,4
DA:194,3
DA:196,3
DA:202,3
LF:78
LH:78
BRDA:20,0,0,1
BRDA:20,0,1,4
BRDA:25,1,0,1
BRDA:25,1,1,3
BRDA:26,2,0,4
BRDA:26,2,1,2
BRDA:62,3,0,3
BRDA:62,3,1,4
BRDA:62,4,0,7
BRDA:62,4,1,5
BRDA:70,5,0,1
BRDA:70,5,1,2
BRDA:77,6,0,1
BRDA:77,6,1,1
BRDA:100,7,0,1
BRDA:100,7,1,1
BRDA:116,8,0,1
BRDA:116,8,1,9
BRDA:120,9,0,9
BRDA:120,9,1,6
BRDA:121,10,0,9
BRDA:121,10,1,7
BRDA:123,11,0,2
BRDA:123,11,1,7
BRDA:123,12,0,9
BRDA:123,12,1,2
BRDA:126,13,0,1
BRDA:126,13,1,1
BRDA:133,14,0,1
BRDA:133,14,1,7
BRDA:138,15,0,1
BRDA:138,15,1,7
BRDA:139,16,0,8
BRDA:139,16,1,1
BRDA:139,16,2,1
BRDA:168,17,0,1
BRDA:168,17,1,5
BRDA:172,18,0,1
BRDA:172,18,1,4
BRDA:181,19,0,5
BRDA:181,19,1,0
BRF:41
BRH:40
end_of_record
TN:
SF:controller\imageController.js
FN:4,(anonymous_0)
FN:22,(anonymous_1)
FN:48,(anonymous_2)
FNF:3
FNH:3
FNDA:7,(anonymous_0)
FNDA:5,(anonymous_1)
FNDA:2,(anonymous_2)
DA:1,3
DA:2,3
DA:4,3
DA:5,7
DA:6,7
DA:7,3
DA:10,4
DA:14,2
DA:16,2
DA:22,3
DA:23,5
DA:24,5
DA:26,4
DA:27,1
DA:30,3
DA:31,1
DA:34,2
DA:35,2
DA:36,2
DA:38,2
DA:43,2
DA:49,2
DA:50,1
DA:54,1
DA:59,1
DA:65,3
LF:26
LH:26
BRDA:6,0,0,3
BRDA:6,0,1,4
BRDA:26,1,0,1
BRDA:26,1,1,3
BRDA:30,2,0,1
BRDA:30,2,1,2
BRDA:49,3,0,1
BRDA:49,3,1,1
BRF:8
BRH:8
end_of_record
TN:
SF:controller\userController.js
FN:7,(anonymous_0)
FN:12,(anonymous_1)
FN:43,(anonymous_2)
FNF:3
FNH:3
FNDA:2,(anonymous_0)
FNDA:1,(anonymous_1)
FNDA:3,(anonymous_2)
DA:1,3
DA:4,3
DA:5,3
DA:7,3
DA:8,2
DA:9,2
DA:11,1
DA:13,1
DA:17,1
DA:21,1
DA:26,1
DA:35,1
DA:37,1
DA:43,3
DA:44,3
DA:45,3
DA:47,2
DA:48,1
DA:51,1
DA:53,1
DA:59,3
LF:21
LH:21
BRDA:47,0,0,1
BRDA:47,0,1,1
BRF:2
BRH:2
end_of_record
TN:
SF:middleware\auth.js
FN:3,(anonymous_0)
FN:34,(anonymous_1)
FNF:2
FNH:2
FNDA:45,(anonymous_0)
FNDA:6,(anonymous_1)
DA:1,3
DA:3,3
DA:4,45
DA:5,45
DA:7,45
DA:8,4
DA:13,41
DA:15,41
DA:17,30
DA:18,30
DA:20,11
DA:21,4
DA:24,7
DA:25,5
DA:29,2
DA:34,3
DA:35,6
DA:36,5
DA:38,1
DA:42,3
LF:20
LH:20
BRDA:7,0,0,4
BRDA:7,0,1,41
BRDA:7,1,0,45
BRDA:7,1,1,41
BRDA:20,2,0,4
BRDA:20,2,1,7
BRDA:24,3,0,5
BRDA:24,3,1,2
BRDA:35,4,0,5
BRDA:35,4,1,1
BRDA:35,5,0,6
BRDA:35,5,1,6
BRF:12
BRH:12
end_of_record
TN:
SF:middleware\upload.js
FN:5,(anonymous_0)
FNF:1
FNH:1
FNDA:4,(anonymous_0)
DA:1,3
DA:3,3
DA:5,3
DA:6,4
DA:7,4
DA:8,3
DA:10,1
DA:14,3
DA:16,3
LF:9
LH:9
BRDA:7,0,0,3
BRDA:7,0,1,1
BRF:2
BRH:2
end_of_record
TN:
SF:model\Task.js
FNF:0
FNH:0
DA:1,3
DA:3,3
DA:8,3
DA:28,3
LF:4
LH:4
BRF:0
BRH:0
end_of_record
TN:
SF:model\User.js
FNF:0
FNH:0
DA:1,3
DA:3,3
DA:14,3
LF:3
LH:3
BRF:0
BRH:0
end_of_record
TN:
SF:routes\authRoutes.js
FNF:0
FNH:0
DA:1,3
DA:2,3
DA:3,3
DA:10,3
DA:14,3
DA:16,3
DA:18,3
DA:19,3
DA:20,3
DA:21,3
DA:22,3
DA:23,3
DA:24,3
DA:31,3
LF:14
LH:14
BRF:0
BRH:0
end_of_record
TN:
SF:routes\reportRoutes.js
FNF:0
FNH:0
DA:1,3
DA:3,3
DA:5,3
LF:3
LH:3
BRF:0
BRH:0
end_of_record
TN:
SF:routes\taskRoutes.js
FNF:0
FNH:0
DA:1,3
DA:3,3
DA:5,3
LF:3
LH:3
BRF:0
BRH:0
end_of_record
TN:
SF:routes\userRoutes.js
FNF:0
FNH:0
DA:1,3
DA:2,3
DA:3,3
DA:5,3
DA:7,3
DA:8,3
DA:10,3
LF:7
LH:7
BRF:0
BRH:0
end_of_record
